2025-11-22 22:48:32,015 - src.core.database - ERROR - database.py:95 - Erreur base de données: Textual SQL expression 'SELECT 1' should be explicitly declared as text('SELECT 1')
2025-11-22 22:48:32,018 - src.core.database - ERROR - database.py:153 - ❌ Connexion DB échouée: Textual SQL expression 'SELECT 1' should be explicitly declared as text('SELECT 1')
2025-11-23 07:42:16,749 - src.core.database - ERROR - database.py:95 - Erreur base de données: Textual SQL expression 'SELECT 1' should be explicitly declared as text('SELECT 1')
2025-11-23 07:42:16,776 - src.core.database - ERROR - database.py:153 - ❌ Connexion DB échouée: Textual SQL expression 'SELECT 1' should be explicitly declared as text('SELECT 1')
2025-11-23 21:14:06,789 - src.core.database - ERROR - database.py:95 - Erreur base de données: (psycopg2.errors.InvalidTextRepresentation) invalid input value for enum statutenum: "TERMINE"

[SQL: INSERT INTO batch_meals (recipe_id, scheduled_date, portions, status, ai_planned, notes, created_at) SELECT p0::INTEGER, p1::DATE, p2::INTEGER, p3::statutenum, p4::BOOLEAN, p5::TEXT, p6::TIMESTAMP WITHOUT TIME ZONE FROM (VALUES (%(recipe_id__0)s, %(s ... 520 characters truncated ...  p3, p4, p5, p6, sen_counter) ORDER BY sen_counter RETURNING batch_meals.id, batch_meals.id AS id__1]
[parameters: {'recipe_id__0': 1, 'portions__0': 4, 'notes__0': None, 'created_at__0': datetime.datetime(2025, 11, 23, 20, 14, 6, 785528), 'scheduled_date__0': datetime.date(2025, 11, 23), 'ai_planned__0': True, 'status__0': 'TERMINE', 'recipe_id__1': 2, 'portions__1': 4, 'notes__1': None, 'created_at__1': datetime.datetime(2025, 11, 23, 20, 14, 6, 785532), 'scheduled_date__1': datetime.date(2025, 11, 24), 'ai_planned__1': False, 'status__1': 'TERMINE', 'recipe_id__2': 3, 'portions__2': 4, 'notes__2': None, 'created_at__2': datetime.datetime(2025, 11, 23, 20, 14, 6, 785533), 'scheduled_date__2': datetime.date(2025, 11, 25), 'ai_planned__2': True, 'status__2': 'A_FAIRE', 'recipe_id__3': 4, 'portions__3': 4, 'notes__3': None, 'created_at__3': datetime.datetime(2025, 11, 23, 20, 14, 6, 785534), 'scheduled_date__3': datetime.date(2025, 11, 26), 'ai_planned__3': False, 'status__3': 'A_FAIRE'}]
(Background on this error at: https://sqlalche.me/e/20/9h9h)
2025-11-23 21:15:06,386 - src.core.database - ERROR - database.py:95 - Erreur base de données: Textual SQL expression 'SELECT 1' should be explicitly declared as text('SELECT 1')
2025-11-23 21:15:06,387 - src.core.database - ERROR - database.py:153 - ❌ Connexion DB échouée: Textual SQL expression 'SELECT 1' should be explicitly declared as text('SELECT 1')
2025-11-23 21:31:11,616 - src.core.database - ERROR - database.py:96 - Erreur base de données: (psycopg2.errors.InvalidTextRepresentation) invalid input value for enum statutenum: "TERMINE"

[SQL: INSERT INTO batch_meals (recipe_id, scheduled_date, portions, status, ai_planned, notes, created_at) SELECT p0::INTEGER, p1::DATE, p2::INTEGER, p3::statutenum, p4::BOOLEAN, p5::TEXT, p6::TIMESTAMP WITHOUT TIME ZONE FROM (VALUES (%(recipe_id__0)s, %(s ... 520 characters truncated ...  p3, p4, p5, p6, sen_counter) ORDER BY sen_counter RETURNING batch_meals.id, batch_meals.id AS id__1]
[parameters: {'scheduled_date__0': datetime.date(2025, 11, 23), 'status__0': 'TERMINE', 'recipe_id__0': 5, 'portions__0': 4, 'notes__0': None, 'created_at__0': datetime.datetime(2025, 11, 23, 20, 31, 11, 613236), 'ai_planned__0': True, 'scheduled_date__1': datetime.date(2025, 11, 24), 'status__1': 'TERMINE', 'recipe_id__1': 6, 'portions__1': 4, 'notes__1': None, 'created_at__1': datetime.datetime(2025, 11, 23, 20, 31, 11, 613239), 'ai_planned__1': False, 'scheduled_date__2': datetime.date(2025, 11, 25), 'status__2': 'A_FAIRE', 'recipe_id__2': 7, 'portions__2': 4, 'notes__2': None, 'created_at__2': datetime.datetime(2025, 11, 23, 20, 31, 11, 613240), 'ai_planned__2': True, 'scheduled_date__3': datetime.date(2025, 11, 26), 'status__3': 'A_FAIRE', 'recipe_id__3': 8, 'portions__3': 4, 'notes__3': None, 'created_at__3': datetime.datetime(2025, 11, 23, 20, 31, 11, 613242), 'ai_planned__3': False}]
(Background on this error at: https://sqlalche.me/e/20/9h9h)
2025-11-23 21:36:48,657 - src.core.database - INFO - database.py:120 - Création des tables...
2025-11-23 21:36:48,730 - src.core.database - INFO - database.py:122 - ✅ Tables créées
2025-11-23 21:36:48,876 - __main__ - INFO - app.py:166 - 🤖 Agent IA initialisé
2025-11-23 21:37:19,262 - src.core.database - INFO - database.py:120 - Création des tables...
2025-11-23 21:37:19,326 - src.core.database - INFO - database.py:122 - ✅ Tables créées
2025-11-23 21:37:19,400 - src.core.database - INFO - database.py:120 - Création des tables...
2025-11-23 21:37:19,461 - src.core.database - INFO - database.py:122 - ✅ Tables créées
2025-11-23 21:37:58,238 - src.core.database - ERROR - database.py:96 - Erreur base de données: (psycopg2.errors.InvalidTextRepresentation) invalid input value for enum statutenum: "A_FAIRE"
LINE 4: WHERE projects.status IN ('A_FAIRE', 'EN_COURS')) AS anon_1
                                  ^

[SQL: SELECT count(*) AS count_1 
FROM (SELECT projects.id AS projects_id, projects.name AS projects_name, projects.description AS projects_description, projects.category AS projects_category, projects.start_date AS projects_start_date, projects.end_date AS projects_end_date, projects.priority AS projects_priority, projects.status AS projects_status, projects.progress AS projects_progress, projects.ai_priority_score AS projects_ai_priority_score, projects.created_at AS projects_created_at, projects.updated_at AS projects_updated_at 
FROM projects 
WHERE projects.status IN (%(status_1_1)s, %(status_1_2)s)) AS anon_1]
[parameters: {'status_1_1': 'A_FAIRE', 'status_1_2': 'EN_COURS'}]
(Background on this error at: https://sqlalche.me/e/20/9h9h)
2025-11-23 21:38:49,225 - src.core.database - INFO - database.py:120 - Création des tables...
2025-11-23 21:38:49,288 - src.core.database - INFO - database.py:122 - ✅ Tables créées
2025-11-23 21:38:49,402 - src.core.database - INFO - database.py:120 - Création des tables...
2025-11-23 21:38:49,457 - src.core.database - INFO - database.py:122 - ✅ Tables créées
2025-11-23 21:38:51,109 - src.core.database - ERROR - database.py:96 - Erreur base de données: (psycopg2.ProgrammingError) can't adapt type 'numpy.int64'
[SQL: SELECT recipes.id AS recipes_id, recipes.name AS recipes_name, recipes.category AS recipes_category, recipes.instructions AS recipes_instructions, recipes.prep_time AS recipes_prep_time, recipes.cook_time AS recipes_cook_time, recipes.servings AS recipes_servings, recipes.difficulty AS recipes_difficulty, recipes.ai_generated AS recipes_ai_generated, recipes.ai_score AS recipes_ai_score, recipes.created_at AS recipes_created_at, recipes.updated_at AS recipes_updated_at 
FROM recipes 
WHERE recipes.id = %(id_1)s 
 LIMIT %(param_1)s]
[parameters: {'id_1': np.int64(8), 'param_1': 1}]
(Background on this error at: https://sqlalche.me/e/20/f405)
2025-11-23 21:39:50,347 - src.core.database - ERROR - database.py:96 - Erreur base de données: (psycopg2.errors.InvalidTextRepresentation) invalid input value for enum statutenum: "TERMINE"

[SQL: INSERT INTO batch_meals (recipe_id, scheduled_date, portions, status, ai_planned, notes, created_at) SELECT p0::INTEGER, p1::DATE, p2::INTEGER, p3::statutenum, p4::BOOLEAN, p5::TEXT, p6::TIMESTAMP WITHOUT TIME ZONE FROM (VALUES (%(recipe_id__0)s, %(s ... 520 characters truncated ...  p3, p4, p5, p6, sen_counter) ORDER BY sen_counter RETURNING batch_meals.id, batch_meals.id AS id__1]
[parameters: {'created_at__0': datetime.datetime(2025, 11, 23, 20, 39, 50, 343301), 'scheduled_date__0': datetime.date(2025, 11, 23), 'portions__0': 4, 'notes__0': None, 'ai_planned__0': True, 'status__0': 'TERMINE', 'recipe_id__0': 9, 'created_at__1': datetime.datetime(2025, 11, 23, 20, 39, 50, 343307), 'scheduled_date__1': datetime.date(2025, 11, 24), 'portions__1': 4, 'notes__1': None, 'ai_planned__1': False, 'status__1': 'TERMINE', 'recipe_id__1': 10, 'created_at__2': datetime.datetime(2025, 11, 23, 20, 39, 50, 343308), 'scheduled_date__2': datetime.date(2025, 11, 25), 'portions__2': 4, 'notes__2': None, 'ai_planned__2': True, 'status__2': 'A_FAIRE', 'recipe_id__2': 11, 'created_at__3': datetime.datetime(2025, 11, 23, 20, 39, 50, 343309), 'scheduled_date__3': datetime.date(2025, 11, 26), 'portions__3': 4, 'notes__3': None, 'ai_planned__3': False, 'status__3': 'A_FAIRE', 'recipe_id__3': 12}]
(Background on this error at: https://sqlalche.me/e/20/9h9h)
2025-11-23 21:42:53,851 - src.core.database - ERROR - database.py:96 - Erreur base de données: (psycopg2.errors.InvalidTextRepresentation) invalid input value for enum statutenum: "TERMINE"

[SQL: INSERT INTO batch_meals (recipe_id, scheduled_date, portions, status, ai_planned, notes, created_at) SELECT p0::INTEGER, p1::DATE, p2::INTEGER, p3::statutenum, p4::BOOLEAN, p5::TEXT, p6::TIMESTAMP WITHOUT TIME ZONE FROM (VALUES (%(recipe_id__0)s, %(s ... 520 characters truncated ...  p3, p4, p5, p6, sen_counter) ORDER BY sen_counter RETURNING batch_meals.id, batch_meals.id AS id__1]
[parameters: {'portions__0': 4, 'created_at__0': datetime.datetime(2025, 11, 23, 20, 42, 53, 848325), 'notes__0': None, 'ai_planned__0': True, 'scheduled_date__0': datetime.date(2025, 11, 23), 'status__0': 'TERMINE', 'recipe_id__0': 13, 'portions__1': 4, 'created_at__1': datetime.datetime(2025, 11, 23, 20, 42, 53, 848331), 'notes__1': None, 'ai_planned__1': False, 'scheduled_date__1': datetime.date(2025, 11, 24), 'status__1': 'TERMINE', 'recipe_id__1': 14, 'portions__2': 4, 'created_at__2': datetime.datetime(2025, 11, 23, 20, 42, 53, 848333), 'notes__2': None, 'ai_planned__2': True, 'scheduled_date__2': datetime.date(2025, 11, 25), 'status__2': 'A_FAIRE', 'recipe_id__2': 15, 'portions__3': 4, 'created_at__3': datetime.datetime(2025, 11, 23, 20, 42, 53, 848334), 'notes__3': None, 'ai_planned__3': False, 'scheduled_date__3': datetime.date(2025, 11, 26), 'status__3': 'A_FAIRE', 'recipe_id__3': 16}]
(Background on this error at: https://sqlalche.me/e/20/9h9h)
2025-11-23 21:45:13,555 - src.core.database - ERROR - database.py:96 - Erreur base de données: (psycopg2.errors.InvalidTextRepresentation) invalid input value for enum statutenum: "TERMINE"

[SQL: INSERT INTO batch_meals (recipe_id, scheduled_date, portions, status, ai_planned, notes, created_at) SELECT p0::INTEGER, p1::DATE, p2::INTEGER, p3::statutenum, p4::BOOLEAN, p5::TEXT, p6::TIMESTAMP WITHOUT TIME ZONE FROM (VALUES (%(recipe_id__0)s, %(s ... 520 characters truncated ...  p3, p4, p5, p6, sen_counter) ORDER BY sen_counter RETURNING batch_meals.id, batch_meals.id AS id__1]
[parameters: {'status__0': 'TERMINE', 'ai_planned__0': True, 'notes__0': None, 'created_at__0': datetime.datetime(2025, 11, 23, 20, 45, 13, 551045), 'portions__0': 4, 'scheduled_date__0': datetime.date(2025, 11, 23), 'recipe_id__0': 17, 'status__1': 'TERMINE', 'ai_planned__1': False, 'notes__1': None, 'created_at__1': datetime.datetime(2025, 11, 23, 20, 45, 13, 551049), 'portions__1': 4, 'scheduled_date__1': datetime.date(2025, 11, 24), 'recipe_id__1': 18, 'status__2': 'A_FAIRE', 'ai_planned__2': True, 'notes__2': None, 'created_at__2': datetime.datetime(2025, 11, 23, 20, 45, 13, 551050), 'portions__2': 4, 'scheduled_date__2': datetime.date(2025, 11, 25), 'recipe_id__2': 19, 'status__3': 'A_FAIRE', 'ai_planned__3': False, 'notes__3': None, 'created_at__3': datetime.datetime(2025, 11, 23, 20, 45, 13, 551051), 'portions__3': 4, 'scheduled_date__3': datetime.date(2025, 11, 26), 'recipe_id__3': 20}]
(Background on this error at: https://sqlalche.me/e/20/9h9h)
2025-11-23 21:46:59,817 - src.core.database - ERROR - database.py:96 - Erreur base de données: (psycopg2.errors.InvalidTextRepresentation) invalid input value for enum statutenum: "TERMINE"

[SQL: INSERT INTO batch_meals (recipe_id, scheduled_date, portions, status, ai_planned, notes, created_at) SELECT p0::INTEGER, p1::DATE, p2::INTEGER, p3::statutenum, p4::BOOLEAN, p5::TEXT, p6::TIMESTAMP WITHOUT TIME ZONE FROM (VALUES (%(recipe_id__0)s, %(s ... 520 characters truncated ...  p3, p4, p5, p6, sen_counter) ORDER BY sen_counter RETURNING batch_meals.id, batch_meals.id AS id__1]
[parameters: {'recipe_id__0': 1, 'notes__0': None, 'scheduled_date__0': datetime.date(2025, 11, 23), 'created_at__0': datetime.datetime(2025, 11, 23, 20, 46, 59, 812683), 'portions__0': 4, 'ai_planned__0': True, 'status__0': 'TERMINE', 'recipe_id__1': 2, 'notes__1': None, 'scheduled_date__1': datetime.date(2025, 11, 24), 'created_at__1': datetime.datetime(2025, 11, 23, 20, 46, 59, 812686), 'portions__1': 4, 'ai_planned__1': False, 'status__1': 'TERMINE', 'recipe_id__2': 3, 'notes__2': None, 'scheduled_date__2': datetime.date(2025, 11, 25), 'created_at__2': datetime.datetime(2025, 11, 23, 20, 46, 59, 812688), 'portions__2': 4, 'ai_planned__2': True, 'status__2': 'A_FAIRE', 'recipe_id__3': 4, 'notes__3': None, 'scheduled_date__3': datetime.date(2025, 11, 26), 'created_at__3': datetime.datetime(2025, 11, 23, 20, 46, 59, 812689), 'portions__3': 4, 'ai_planned__3': False, 'status__3': 'A_FAIRE'}]
(Background on this error at: https://sqlalche.me/e/20/9h9h)
2025-11-23 21:48:11,572 - src.core.database - ERROR - database.py:96 - Erreur base de données: (psycopg2.errors.UniqueViolation) duplicate key value violates unique constraint "users_username_key"
DETAIL:  Key (username)=(Anne) already exists.

[SQL: INSERT INTO users (username, email, settings, created_at, updated_at) VALUES (%(username)s, %(email)s, %(settings)s::JSON, %(created_at)s, %(updated_at)s) RETURNING users.id]
[parameters: {'username': 'Anne', 'email': 'anne@matanne.app', 'settings': '{}', 'created_at': datetime.datetime(2025, 11, 23, 20, 48, 11, 563091), 'updated_at': datetime.datetime(2025, 11, 23, 20, 48, 11, 563094)}]
(Background on this error at: https://sqlalche.me/e/20/gkpj)
2025-11-23 21:49:11,743 - src.core.database - INFO - database.py:120 - Création des tables...
2025-11-23 21:49:11,800 - src.core.database - INFO - database.py:122 - ✅ Tables créées
2025-11-23 21:49:11,881 - __main__ - INFO - app.py:166 - 🤖 Agent IA initialisé
2025-11-23 21:49:24,204 - src.core.database - INFO - database.py:120 - Création des tables...
2025-11-23 21:49:24,256 - src.core.database - INFO - database.py:122 - ✅ Tables créées
2025-11-23 21:49:24,321 - src.core.database - INFO - database.py:120 - Création des tables...
2025-11-23 21:49:24,379 - src.core.database - INFO - database.py:122 - ✅ Tables créées
2025-11-23 21:49:46,329 - src.core.database - ERROR - database.py:96 - Erreur base de données: (psycopg2.ProgrammingError) can't adapt type 'numpy.int64'
[SQL: SELECT recipes.id AS recipes_id, recipes.name AS recipes_name, recipes.category AS recipes_category, recipes.instructions AS recipes_instructions, recipes.prep_time AS recipes_prep_time, recipes.cook_time AS recipes_cook_time, recipes.servings AS recipes_servings, recipes.difficulty AS recipes_difficulty, recipes.ai_generated AS recipes_ai_generated, recipes.ai_score AS recipes_ai_score, recipes.created_at AS recipes_created_at, recipes.updated_at AS recipes_updated_at 
FROM recipes 
WHERE recipes.id = %(id_1)s 
 LIMIT %(param_1)s]
[parameters: {'id_1': np.int64(1), 'param_1': 1}]
(Background on this error at: https://sqlalche.me/e/20/f405)
2025-11-23 21:50:11,231 - src.core.database - INFO - database.py:120 - Création des tables...
2025-11-23 21:50:11,291 - src.core.database - INFO - database.py:122 - ✅ Tables créées
2025-11-23 21:50:11,393 - src.core.database - INFO - database.py:120 - Création des tables...
2025-11-23 21:50:11,459 - src.core.database - INFO - database.py:122 - ✅ Tables créées
2025-11-23 21:51:01,235 - src.core.database - INFO - database.py:120 - Création des tables...
2025-11-23 21:51:01,293 - src.core.database - INFO - database.py:122 - ✅ Tables créées
2025-11-23 21:51:24,598 - src.core.database - INFO - database.py:120 - Création des tables...
2025-11-23 21:51:24,657 - src.core.database - INFO - database.py:122 - ✅ Tables créées
2025-11-23 21:51:24,781 - src.core.database - INFO - database.py:120 - Création des tables...
2025-11-23 21:51:24,844 - src.core.database - INFO - database.py:122 - ✅ Tables créées
2025-11-23 21:54:26,184 - src.core.database - INFO - database.py:120 - Création des tables...
2025-11-23 21:54:26,243 - src.core.database - INFO - database.py:122 - ✅ Tables créées
2025-11-23 21:54:26,326 - __main__ - INFO - app.py:166 - 🤖 Agent IA initialisé
2025-11-23 21:55:15,597 - src.core.database - INFO - database.py:120 - Création des tables...
2025-11-23 21:55:15,664 - src.core.database - INFO - database.py:122 - ✅ Tables créées
2025-11-23 21:55:15,793 - src.core.database - INFO - database.py:120 - Création des tables...
2025-11-23 21:55:15,862 - src.core.database - INFO - database.py:122 - ✅ Tables créées
2025-11-23 21:55:32,726 - src.core.database - INFO - database.py:120 - Création des tables...
2025-11-23 21:55:32,794 - src.core.database - INFO - database.py:122 - ✅ Tables créées
2025-11-23 21:55:32,937 - src.core.database - INFO - database.py:120 - Création des tables...
2025-11-23 21:55:33,025 - src.core.database - INFO - database.py:122 - ✅ Tables créées
2025-11-23 21:56:34,816 - src.core.database - INFO - database.py:120 - Création des tables...
2025-11-23 21:56:34,872 - src.core.database - INFO - database.py:122 - ✅ Tables créées
2025-11-23 21:57:02,875 - src.core.database - INFO - database.py:120 - Création des tables...
2025-11-23 21:57:02,931 - src.core.database - INFO - database.py:122 - ✅ Tables créées
2025-11-23 21:57:04,983 - src.core.database - INFO - database.py:120 - Création des tables...
2025-11-23 21:57:05,043 - src.core.database - INFO - database.py:122 - ✅ Tables créées
2025-11-23 21:57:19,384 - src.core.database - INFO - database.py:120 - Création des tables...
2025-11-23 21:57:19,437 - src.core.database - INFO - database.py:122 - ✅ Tables créées
2025-11-23 21:57:19,611 - src.core.database - INFO - database.py:120 - Création des tables...
2025-11-23 21:57:19,669 - src.core.database - INFO - database.py:122 - ✅ Tables créées
2025-11-23 21:57:26,786 - src.core.database - INFO - database.py:120 - Création des tables...
2025-11-23 21:57:26,843 - src.core.database - INFO - database.py:122 - ✅ Tables créées
2025-11-23 21:57:26,970 - src.core.database - INFO - database.py:120 - Création des tables...
2025-11-23 21:57:27,030 - src.core.database - INFO - database.py:122 - ✅ Tables créées
2025-11-23 21:57:55,358 - src.core.database - INFO - database.py:120 - Création des tables...
2025-11-23 21:57:55,412 - src.core.database - INFO - database.py:122 - ✅ Tables créées
2025-11-23 21:57:55,531 - src.core.database - INFO - database.py:120 - Création des tables...
2025-11-23 21:57:55,586 - src.core.database - INFO - database.py:122 - ✅ Tables créées
2025-11-23 21:58:02,106 - src.core.database - INFO - database.py:120 - Création des tables...
2025-11-23 21:58:02,164 - src.core.database - INFO - database.py:122 - ✅ Tables créées
2025-11-23 21:58:02,277 - src.core.database - INFO - database.py:120 - Création des tables...
2025-11-23 21:58:02,345 - src.core.database - INFO - database.py:122 - ✅ Tables créées
2025-11-23 21:58:02,614 - src.core.database - ERROR - database.py:96 - Erreur base de données: (psycopg2.errors.UndefinedColumn) column ai_interactions.meta_data does not exist
LINE 2: ...execution_time AS ai_interactions_execution_time, ai_interac...
                                                             ^
HINT:  Perhaps you meant to reference the column "ai_interactions.metadata".

[SQL: SELECT count(*) AS count_1 
FROM (SELECT ai_interactions.id AS ai_interactions_id, ai_interactions.module AS ai_interactions_module, ai_interactions.action AS ai_interactions_action, ai_interactions.prompt AS ai_interactions_prompt, ai_interactions.response AS ai_interactions_response, ai_interactions.success AS ai_interactions_success, ai_interactions.execution_time AS ai_interactions_execution_time, ai_interactions.meta_data AS ai_interactions_meta_data, ai_interactions.created_at AS ai_interactions_created_at 
FROM ai_interactions) AS anon_1]
(Background on this error at: https://sqlalche.me/e/20/f405)
2025-11-23 21:58:44,984 - src.core.database - INFO - database.py:120 - Création des tables...
2025-11-23 21:58:45,046 - src.core.database - INFO - database.py:122 - ✅ Tables créées
2025-11-23 21:58:45,200 - src.core.database - INFO - database.py:120 - Création des tables...
2025-11-23 21:58:45,259 - src.core.database - INFO - database.py:122 - ✅ Tables créées
2025-11-23 21:58:45,799 - src.core.database - ERROR - database.py:96 - Erreur base de données: (psycopg2.errors.InvalidTextRepresentation) invalid input value for enum statutenum: "A_FAIRE"
LINE 3: ...ate <= '2025-11-23'::date AND projects.status IN ('A_FAIRE',...
                                                             ^

[SQL: SELECT projects.id AS projects_id, projects.name AS projects_name, projects.description AS projects_description, projects.category AS projects_category, projects.start_date AS projects_start_date, projects.end_date AS projects_end_date, projects.priority AS projects_priority, projects.status AS projects_status, projects.progress AS projects_progress, projects.ai_priority_score AS projects_ai_priority_score, projects.created_at AS projects_created_at, projects.updated_at AS projects_updated_at 
FROM projects 
WHERE projects.end_date >= %(end_date_1)s AND projects.end_date <= %(end_date_2)s AND projects.status IN (%(status_1_1)s, %(status_1_2)s)]
[parameters: {'end_date_1': datetime.date(2025, 11, 17), 'end_date_2': datetime.date(2025, 11, 23), 'status_1_1': 'A_FAIRE', 'status_1_2': 'EN_COURS'}]
(Background on this error at: https://sqlalche.me/e/20/9h9h)
2025-11-23 21:59:01,157 - src.core.database - INFO - database.py:120 - Création des tables...
2025-11-23 21:59:01,216 - src.core.database - INFO - database.py:122 - ✅ Tables créées
2025-11-23 21:59:01,350 - src.core.database - INFO - database.py:120 - Création des tables...
2025-11-23 21:59:01,401 - src.core.database - INFO - database.py:122 - ✅ Tables créées
2025-11-23 21:59:01,498 - src.core.database - ERROR - database.py:96 - Erreur base de données: (psycopg2.errors.InvalidTextRepresentation) invalid input value for enum statutenum: "A_FAIRE"
LINE 4: ...e AND '2025-11-30'::date AND batch_meals.status = 'A_FAIRE')...
                                                             ^

[SQL: SELECT count(*) AS count_1 
FROM (SELECT batch_meals.id AS batch_meals_id, batch_meals.recipe_id AS batch_meals_recipe_id, batch_meals.scheduled_date AS batch_meals_scheduled_date, batch_meals.portions AS batch_meals_portions, batch_meals.status AS batch_meals_status, batch_meals.ai_planned AS batch_meals_ai_planned, batch_meals.notes AS batch_meals_notes, batch_meals.created_at AS batch_meals_created_at 
FROM batch_meals 
WHERE batch_meals.scheduled_date BETWEEN %(scheduled_date_1)s AND %(scheduled_date_2)s AND batch_meals.status = %(status_1)s) AS anon_1]
[parameters: {'scheduled_date_1': datetime.date(2025, 11, 23), 'scheduled_date_2': datetime.date(2025, 11, 30), 'status_1': 'A_FAIRE'}]
(Background on this error at: https://sqlalche.me/e/20/9h9h)
2025-11-23 21:59:16,814 - src.core.database - INFO - database.py:120 - Création des tables...
2025-11-23 21:59:16,862 - src.core.database - INFO - database.py:122 - ✅ Tables créées
2025-11-23 21:59:16,966 - src.core.database - INFO - database.py:120 - Création des tables...
2025-11-23 21:59:17,017 - src.core.database - INFO - database.py:122 - ✅ Tables créées
2025-11-23 21:59:36,875 - src.core.database - INFO - database.py:120 - Création des tables...
2025-11-23 21:59:36,931 - src.core.database - INFO - database.py:122 - ✅ Tables créées
2025-11-23 21:59:37,050 - src.core.database - INFO - database.py:120 - Création des tables...
2025-11-23 21:59:37,115 - src.core.database - INFO - database.py:122 - ✅ Tables créées
2025-11-23 21:59:37,316 - src.core.database - ERROR - database.py:96 - Erreur base de données: (psycopg2.errors.InvalidTextRepresentation) invalid input value for enum statutenum: "A_FAIRE"
LINE 3: WHERE routine_tasks.status = 'A_FAIRE' AND routine_tasks.sch...
                                     ^

[SQL: SELECT routine_tasks.id AS routine_tasks_id, routine_tasks.routine_id AS routine_tasks_routine_id, routine_tasks.task_name AS routine_tasks_task_name, routine_tasks.scheduled_time AS routine_tasks_scheduled_time, routine_tasks.status AS routine_tasks_status, routine_tasks.completed_at AS routine_tasks_completed_at, routine_tasks.ai_reminder_sent AS routine_tasks_ai_reminder_sent, routines.id AS routines_id, routines.child_id AS routines_child_id, routines.name AS routines_name, routines.description AS routines_description, routines.frequency AS routines_frequency, routines.is_active AS routines_is_active, routines.ai_suggested AS routines_ai_suggested, routines.created_at AS routines_created_at 
FROM routine_tasks JOIN routines ON routine_tasks.routine_id = routines.id 
WHERE routine_tasks.status = %(status_1)s AND routine_tasks.scheduled_time IS NOT NULL AND routines.is_active = true]
[parameters: {'status_1': 'A_FAIRE'}]
(Background on this error at: https://sqlalche.me/e/20/9h9h)
2025-11-23 21:59:52,313 - src.core.database - INFO - database.py:120 - Création des tables...
2025-11-23 21:59:52,366 - src.core.database - INFO - database.py:122 - ✅ Tables créées
2025-11-23 21:59:52,475 - src.core.database - INFO - database.py:120 - Création des tables...
2025-11-23 21:59:52,525 - src.core.database - INFO - database.py:122 - ✅ Tables créées
2025-11-23 22:00:07,571 - src.core.database - INFO - database.py:120 - Création des tables...
2025-11-23 22:00:07,627 - src.core.database - INFO - database.py:122 - ✅ Tables créées
2025-11-23 22:00:07,747 - src.core.database - INFO - database.py:120 - Création des tables...
2025-11-23 22:00:07,807 - src.core.database - INFO - database.py:122 - ✅ Tables créées
2025-11-23 22:00:07,839 - src.core.database - ERROR - database.py:96 - Erreur base de données: (psycopg2.errors.InvalidTextRepresentation) invalid input value for enum statutenum: "A_FAIRE"
LINE 3: WHERE routine_tasks.status = 'A_FAIRE' AND routine_tasks.sch...
                                     ^

[SQL: SELECT routine_tasks.id AS routine_tasks_id, routine_tasks.routine_id AS routine_tasks_routine_id, routine_tasks.task_name AS routine_tasks_task_name, routine_tasks.scheduled_time AS routine_tasks_scheduled_time, routine_tasks.status AS routine_tasks_status, routine_tasks.completed_at AS routine_tasks_completed_at, routine_tasks.ai_reminder_sent AS routine_tasks_ai_reminder_sent, routines.id AS routines_id, routines.child_id AS routines_child_id, routines.name AS routines_name, routines.description AS routines_description, routines.frequency AS routines_frequency, routines.is_active AS routines_is_active, routines.ai_suggested AS routines_ai_suggested, routines.created_at AS routines_created_at 
FROM routine_tasks JOIN routines ON routine_tasks.routine_id = routines.id 
WHERE routine_tasks.status = %(status_1)s AND routine_tasks.scheduled_time IS NOT NULL AND routines.is_active = true]
[parameters: {'status_1': 'A_FAIRE'}]
(Background on this error at: https://sqlalche.me/e/20/9h9h)
2025-11-23 22:00:12,187 - src.core.database - INFO - database.py:120 - Création des tables...
2025-11-23 22:00:12,238 - src.core.database - INFO - database.py:122 - ✅ Tables créées
2025-11-23 22:00:12,365 - src.core.database - INFO - database.py:120 - Création des tables...
2025-11-23 22:00:12,428 - src.core.database - INFO - database.py:122 - ✅ Tables créées
2025-11-23 22:00:27,629 - src.core.database - INFO - database.py:120 - Création des tables...
2025-11-23 22:00:27,686 - src.core.database - INFO - database.py:122 - ✅ Tables créées
2025-11-23 22:00:27,810 - src.core.database - INFO - database.py:120 - Création des tables...
2025-11-23 22:00:27,867 - src.core.database - INFO - database.py:122 - ✅ Tables créées
2025-11-24 10:02:41,021 - src.core.database - INFO - database.py:120 - Création des tables...
2025-11-24 10:02:41,201 - src.core.database - INFO - database.py:122 - ✅ Tables créées
2025-11-24 10:02:41,349 - __main__ - INFO - app.py:166 - 🤖 Agent IA initialisé
2025-11-24 10:11:05,520 - src.core.database - INFO - database.py:120 - Création des tables...
2025-11-24 10:11:05,679 - src.core.database - INFO - database.py:122 - ✅ Tables créées
2025-11-24 10:11:05,826 - src.core.database - INFO - database.py:120 - Création des tables...
2025-11-24 10:11:05,900 - src.core.database - INFO - database.py:122 - ✅ Tables créées
2025-11-24 10:11:37,950 - src.core.database - ERROR - database.py:96 - Erreur base de données: (psycopg2.errors.InvalidTextRepresentation) invalid input value for enum statutenum: "A_FAIRE"
LINE 4: WHERE projects.status IN ('A_FAIRE', 'EN_COURS')) AS anon_1
                                  ^

[SQL: SELECT count(*) AS count_1 
FROM (SELECT projects.id AS projects_id, projects.name AS projects_name, projects.description AS projects_description, projects.category AS projects_category, projects.start_date AS projects_start_date, projects.end_date AS projects_end_date, projects.priority AS projects_priority, projects.status AS projects_status, projects.progress AS projects_progress, projects.ai_priority_score AS projects_ai_priority_score, projects.created_at AS projects_created_at, projects.updated_at AS projects_updated_at 
FROM projects 
WHERE projects.status IN (%(status_1_1)s, %(status_1_2)s)) AS anon_1]
[parameters: {'status_1_1': 'A_FAIRE', 'status_1_2': 'EN_COURS'}]
(Background on this error at: https://sqlalche.me/e/20/9h9h)
2025-11-24 10:12:42,018 - src.core.database - INFO - database.py:120 - Création des tables...
2025-11-24 10:12:42,135 - src.core.database - INFO - database.py:122 - ✅ Tables créées
2025-11-24 10:12:42,300 - src.core.database - INFO - database.py:120 - Création des tables...
2025-11-24 10:12:42,370 - src.core.database - INFO - database.py:122 - ✅ Tables créées
2025-11-24 10:12:43,021 - src.core.database - ERROR - database.py:96 - Erreur base de données: (psycopg2.ProgrammingError) can't adapt type 'numpy.int64'
[SQL: SELECT recipes.id AS recipes_id, recipes.name AS recipes_name, recipes.category AS recipes_category, recipes.instructions AS recipes_instructions, recipes.prep_time AS recipes_prep_time, recipes.cook_time AS recipes_cook_time, recipes.servings AS recipes_servings, recipes.difficulty AS recipes_difficulty, recipes.ai_generated AS recipes_ai_generated, recipes.ai_score AS recipes_ai_score, recipes.created_at AS recipes_created_at, recipes.updated_at AS recipes_updated_at 
FROM recipes 
WHERE recipes.id = %(id_1)s 
 LIMIT %(param_1)s]
[parameters: {'id_1': np.int64(1), 'param_1': 1}]
(Background on this error at: https://sqlalche.me/e/20/f405)
2025-11-24 10:13:29,730 - src.core.database - INFO - database.py:120 - Création des tables...
2025-11-24 10:13:29,827 - src.core.database - INFO - database.py:122 - ✅ Tables créées
2025-11-24 10:13:29,950 - src.core.database - INFO - database.py:120 - Création des tables...
2025-11-24 10:13:30,029 - src.core.database - INFO - database.py:122 - ✅ Tables créées
2025-11-24 10:15:06,111 - src.core.database - INFO - database.py:120 - Création des tables...
2025-11-24 10:15:06,264 - src.core.database - INFO - database.py:122 - ✅ Tables créées
2025-11-24 10:15:06,401 - src.core.database - ERROR - database.py:96 - Erreur base de données: (psycopg2.ProgrammingError) can't adapt type 'numpy.int64'
[SQL: SELECT inventory_items.id AS inventory_items_id, inventory_items.ingredient_id AS inventory_items_ingredient_id, inventory_items.quantity AS inventory_items_quantity, inventory_items.min_quantity AS inventory_items_min_quantity, inventory_items.location AS inventory_items_location, inventory_items.expiry_date AS inventory_items_expiry_date, inventory_items.last_updated AS inventory_items_last_updated, inventory_items.ai_alert_sent AS inventory_items_ai_alert_sent 
FROM inventory_items 
WHERE inventory_items.id = %(id_1)s 
 LIMIT %(param_1)s]
[parameters: {'id_1': np.int64(3), 'param_1': 1}]
(Background on this error at: https://sqlalche.me/e/20/f405)
2025-11-24 10:43:27,993 - src.core.database - INFO - database.py:120 - Création des tables...
2025-11-24 10:43:28,165 - src.core.database - INFO - database.py:122 - ✅ Tables créées
2025-11-24 10:43:28,378 - __main__ - INFO - app.py:166 - 🤖 Agent IA initialisé
2025-11-24 10:53:16,530 - src.core.database - INFO - database.py:120 - Création des tables...
2025-11-24 10:53:16,672 - src.core.database - INFO - database.py:122 - ✅ Tables créées
2025-11-24 10:53:16,825 - src.core.database - INFO - database.py:120 - Création des tables...
2025-11-24 10:53:16,890 - src.core.database - INFO - database.py:122 - ✅ Tables créées
2025-11-24 10:56:57,877 - src.core.database - INFO - database.py:120 - Création des tables...
2025-11-24 10:56:58,003 - src.core.database - INFO - database.py:122 - ✅ Tables créées
2025-11-24 10:56:58,174 - src.core.database - INFO - database.py:120 - Création des tables...
2025-11-24 10:56:58,241 - src.core.database - INFO - database.py:122 - ✅ Tables créées
2025-11-24 10:57:17,266 - src.core.database - INFO - database.py:120 - Création des tables...
2025-11-24 10:57:17,403 - src.core.database - INFO - database.py:122 - ✅ Tables créées
2025-11-24 10:57:17,561 - src.core.database - INFO - database.py:120 - Création des tables...
2025-11-24 10:57:17,611 - src.core.database - INFO - database.py:122 - ✅ Tables créées
2025-11-24 10:58:45,757 - src.core.database - INFO - database.py:120 - Création des tables...
2025-11-24 10:58:45,904 - src.core.database - INFO - database.py:122 - ✅ Tables créées
2025-11-24 10:58:46,094 - src.core.database - INFO - database.py:120 - Création des tables...
2025-11-24 10:58:46,177 - src.core.database - INFO - database.py:122 - ✅ Tables créées
2025-11-24 11:00:14,349 - src.core.database - INFO - database.py:120 - Création des tables...
2025-11-24 11:00:14,499 - src.core.database - INFO - database.py:122 - ✅ Tables créées
2025-11-24 11:00:14,678 - src.core.database - INFO - database.py:120 - Création des tables...
2025-11-24 11:00:14,727 - src.core.database - INFO - database.py:122 - ✅ Tables créées
2025-11-24 11:36:55,775 - src.core.database - INFO - database.py:120 - Création des tables...
2025-11-24 11:36:55,943 - src.core.database - INFO - database.py:122 - ✅ Tables créées
2025-11-24 11:36:56,120 - src.core.database - INFO - database.py:120 - Création des tables...
2025-11-24 11:36:56,179 - src.core.database - INFO - database.py:122 - ✅ Tables créées
2025-11-24 11:51:07,846 - src.core.database - INFO - database.py:120 - Création des tables...
2025-11-24 11:51:07,998 - src.core.database - INFO - database.py:122 - ✅ Tables créées
2025-11-24 11:51:08,434 - src.core.database - INFO - database.py:120 - Création des tables...
2025-11-24 11:51:08,489 - src.core.database - INFO - database.py:122 - ✅ Tables créées
2025-11-24 11:51:21,930 - src.core.database - INFO - database.py:120 - Création des tables...
2025-11-24 11:51:22,073 - src.core.database - INFO - database.py:122 - ✅ Tables créées
2025-11-24 11:51:26,281 - src.core.database - INFO - database.py:120 - Création des tables...
2025-11-24 11:51:26,406 - src.core.database - INFO - database.py:122 - ✅ Tables créées
2025-11-24 11:52:56,022 - src.core.database - INFO - database.py:120 - Création des tables...
2025-11-24 11:52:56,142 - src.core.database - INFO - database.py:122 - ✅ Tables créées
2025-11-24 11:52:56,792 - src.core.database - ERROR - database.py:96 - Erreur base de données: (psycopg2.errors.InvalidTextRepresentation) invalid input value for enum statutenum: "A_FAIRE"
LINE 1: ...es, created_at) VALUES (1, '2025-11-24'::date, 4, 'A_FAIRE',...
                                                             ^

[SQL: INSERT INTO batch_meals (recipe_id, scheduled_date, portions, status, ai_planned, notes, created_at) VALUES (%(recipe_id)s, %(scheduled_date)s, %(portions)s, %(status)s, %(ai_planned)s, %(notes)s, %(created_at)s) RETURNING batch_meals.id]
[parameters: {'recipe_id': 1, 'scheduled_date': datetime.date(2025, 11, 24), 'portions': 4, 'status': 'A_FAIRE', 'ai_planned': True, 'notes': 'Généré par IA : Rotation', 'created_at': datetime.datetime(2025, 11, 24, 10, 52, 56, 514103)}]
(Background on this error at: https://sqlalche.me/e/20/9h9h)
2025-11-24 11:52:56,799 - src.core.database - ERROR - database.py:96 - Erreur base de données: (psycopg2.errors.InvalidTextRepresentation) invalid input value for enum statutenum: "A_FAIRE"
LINE 1: ...es, created_at) VALUES (1, '2025-11-24'::date, 4, 'A_FAIRE',...
                                                             ^

[SQL: INSERT INTO batch_meals (recipe_id, scheduled_date, portions, status, ai_planned, notes, created_at) VALUES (%(recipe_id)s, %(scheduled_date)s, %(portions)s, %(status)s, %(ai_planned)s, %(notes)s, %(created_at)s) RETURNING batch_meals.id]
[parameters: {'recipe_id': 1, 'scheduled_date': datetime.date(2025, 11, 24), 'portions': 4, 'status': 'A_FAIRE', 'ai_planned': True, 'notes': 'Généré par IA : Rotation', 'created_at': datetime.datetime(2025, 11, 24, 10, 52, 56, 514103)}]
(Background on this error at: https://sqlalche.me/e/20/9h9h)
2025-11-24 11:57:46,737 - src.core.database - ERROR - database.py:96 - Erreur base de données: (psycopg2.errors.DatatypeMismatch) column "status" is of type statutenum but expression is of type character varying
LINE 1: ...ed_at) SELECT p0::INTEGER, p1::DATE, p2::INTEGER, p3::VARCHA...
                                                             ^
HINT:  You will need to rewrite or cast the expression.

[SQL: INSERT INTO batch_meals (recipe_id, scheduled_date, portions, status, ai_planned, notes, created_at) SELECT p0::INTEGER, p1::DATE, p2::INTEGER, p3::VARCHAR, p4::BOOLEAN, p5::TEXT, p6::TIMESTAMP WITHOUT TIME ZONE FROM (VALUES (%(recipe_id__0)s, %(sche ... 517 characters truncated ...  p3, p4, p5, p6, sen_counter) ORDER BY sen_counter RETURNING batch_meals.id, batch_meals.id AS id__1]
[parameters: {'portions__0': 4, 'ai_planned__0': True, 'status__0': 'TERMINE', 'created_at__0': datetime.datetime(2025, 11, 24, 10, 57, 46, 717723), 'recipe_id__0': 2, 'notes__0': None, 'scheduled_date__0': datetime.date(2025, 11, 24), 'portions__1': 4, 'ai_planned__1': False, 'status__1': 'TERMINE', 'created_at__1': datetime.datetime(2025, 11, 24, 10, 57, 46, 717731), 'recipe_id__1': 3, 'notes__1': None, 'scheduled_date__1': datetime.date(2025, 11, 25), 'portions__2': 4, 'ai_planned__2': True, 'status__2': 'A_FAIRE', 'created_at__2': datetime.datetime(2025, 11, 24, 10, 57, 46, 717733), 'recipe_id__2': 4, 'notes__2': None, 'scheduled_date__2': datetime.date(2025, 11, 26), 'portions__3': 4, 'ai_planned__3': False, 'status__3': 'A_FAIRE', 'created_at__3': datetime.datetime(2025, 11, 24, 10, 57, 46, 717736), 'recipe_id__3': 5, 'notes__3': None, 'scheduled_date__3': datetime.date(2025, 11, 27)}]
(Background on this error at: https://sqlalche.me/e/20/f405)
2025-11-24 12:13:06,784 - src.core.database - ERROR - database.py:96 - Erreur base de données: (psycopg2.errors.DatatypeMismatch) column "priority" is of type prioriteenum but expression is of type character varying
LINE 1: ...ed_at) SELECT p0::INTEGER, p1::VARCHAR, p2::TEXT, p3::VARCHA...
                                                             ^
HINT:  You will need to rewrite or cast the expression.

[SQL: INSERT INTO notifications (user_id, module, message, priority, read, created_at) SELECT p0::INTEGER, p1::VARCHAR, p2::TEXT, p3::VARCHAR, p4::BOOLEAN, p5::TIMESTAMP WITHOUT TIME ZONE FROM (VALUES (%(user_id__0)s, %(module__0)s, %(message__0)s, %(prior ... 371 characters truncated ...  p3, p4, p5, sen_counter) ORDER BY sen_counter RETURNING notifications.id, notifications.id AS id__1]
[parameters: {'created_at__0': datetime.datetime(2025, 11, 24, 11, 13, 6, 776228), 'message__0': 'Stock bas : Lait, Fromage râpé', 'user_id__0': 1, 'priority__0': 'HAUTE', 'module__0': 'Inventaire', 'read__0': False, 'created_at__1': datetime.datetime(2025, 11, 24, 11, 13, 6, 776238), 'message__1': 'Aucun repas planifié pour après-demain', 'user_id__1': 1, 'priority__1': 'MOYENNE', 'module__1': 'Batch Cooking', 'read__1': False, 'created_at__2': datetime.datetime(2025, 11, 24, 11, 13, 6, 776244), 'message__2': '2 tâches du soir en attente', 'user_id__2': 1, 'priority__2': 'BASSE', 'module__2': 'Routines', 'read__2': False, 'created_at__3': datetime.datetime(2025, 11, 24, 11, 13, 6, 776249), 'message__3': "Les tomates ont besoin d'eau", 'user_id__3': 1, 'priority__3': 'MOYENNE', 'module__3': 'Jardin', 'read__3': True}]
(Background on this error at: https://sqlalche.me/e/20/f405)
2025-11-24 12:18:42,836 - src.core.database - ERROR - database.py:96 - Erreur base de données: (psycopg2.errors.DatatypeMismatch) column "priority" is of type prioriteenum but expression is of type character varying
LINE 1: ...ed_at) SELECT p0::INTEGER, p1::VARCHAR, p2::TEXT, p3::VARCHA...
                                                             ^
HINT:  You will need to rewrite or cast the expression.

[SQL: INSERT INTO notifications (user_id, module, message, priority, read, created_at) SELECT p0::INTEGER, p1::VARCHAR, p2::TEXT, p3::VARCHAR, p4::BOOLEAN, p5::TIMESTAMP WITHOUT TIME ZONE FROM (VALUES (%(user_id__0)s, %(module__0)s, %(message__0)s, %(prior ... 371 characters truncated ...  p3, p4, p5, sen_counter) ORDER BY sen_counter RETURNING notifications.id, notifications.id AS id__1]
[parameters: {'priority__0': 'HAUTE', 'read__0': False, 'module__0': 'Inventaire', 'message__0': 'Stock bas : Lait, Fromage râpé', 'created_at__0': datetime.datetime(2025, 11, 24, 11, 18, 42, 826960), 'user_id__0': 2, 'priority__1': 'MOYENNE', 'read__1': False, 'module__1': 'Batch Cooking', 'message__1': 'Aucun repas planifié pour après-demain', 'created_at__1': datetime.datetime(2025, 11, 24, 11, 18, 42, 826970), 'user_id__1': 2, 'priority__2': 'BASSE', 'read__2': False, 'module__2': 'Routines', 'message__2': '2 tâches du soir en attente', 'created_at__2': datetime.datetime(2025, 11, 24, 11, 18, 42, 826971), 'user_id__2': 2, 'priority__3': 'MOYENNE', 'read__3': True, 'module__3': 'Jardin', 'message__3': "Les tomates ont besoin d'eau", 'created_at__3': datetime.datetime(2025, 11, 24, 11, 18, 42, 826973), 'user_id__3': 2}]
(Background on this error at: https://sqlalche.me/e/20/f405)
2025-11-24 12:19:45,008 - src.core.database - ERROR - database.py:96 - Erreur base de données: (psycopg2.errors.DatatypeMismatch) column "priority" is of type prioriteenum but expression is of type character varying
LINE 1: ...ed_at) SELECT p0::INTEGER, p1::VARCHAR, p2::TEXT, p3::VARCHA...
                                                             ^
HINT:  You will need to rewrite or cast the expression.

[SQL: INSERT INTO notifications (user_id, module, message, priority, read, created_at) SELECT p0::INTEGER, p1::VARCHAR, p2::TEXT, p3::VARCHAR, p4::BOOLEAN, p5::TIMESTAMP WITHOUT TIME ZONE FROM (VALUES (%(user_id__0)s, %(module__0)s, %(message__0)s, %(prior ... 371 characters truncated ...  p3, p4, p5, sen_counter) ORDER BY sen_counter RETURNING notifications.id, notifications.id AS id__1]
[parameters: {'read__0': False, 'message__0': 'Stock bas : Lait, Fromage râpé', 'module__0': 'Inventaire', 'user_id__0': 3, 'priority__0': 'HAUTE', 'created_at__0': datetime.datetime(2025, 11, 24, 11, 19, 45, 3199), 'read__1': False, 'message__1': 'Aucun repas planifié pour après-demain', 'module__1': 'Batch Cooking', 'user_id__1': 3, 'priority__1': 'MOYENNE', 'created_at__1': datetime.datetime(2025, 11, 24, 11, 19, 45, 3206), 'read__2': False, 'message__2': '2 tâches du soir en attente', 'module__2': 'Routines', 'user_id__2': 3, 'priority__2': 'BASSE', 'created_at__2': datetime.datetime(2025, 11, 24, 11, 19, 45, 3208), 'read__3': True, 'message__3': "Les tomates ont besoin d'eau", 'module__3': 'Jardin', 'user_id__3': 3, 'priority__3': 'MOYENNE', 'created_at__3': datetime.datetime(2025, 11, 24, 11, 19, 45, 3210)}]
(Background on this error at: https://sqlalche.me/e/20/f405)
2025-11-24 12:32:23,463 - src.core.database - INFO - database.py:120 - Création des tables...
2025-11-24 12:32:24,249 - src.core.database - INFO - database.py:122 - ✅ Tables créées
2025-11-24 12:32:25,516 - __main__ - INFO - app.py:166 - 🤖 Agent IA initialisé
2025-11-24 12:34:02,976 - src.core.database - INFO - database.py:120 - Création des tables...
2025-11-24 12:34:03,147 - src.core.database - INFO - database.py:122 - ✅ Tables créées
2025-11-24 12:34:03,482 - src.core.database - INFO - database.py:120 - Création des tables...
2025-11-24 12:34:03,551 - src.core.database - INFO - database.py:122 - ✅ Tables créées
2025-11-24 12:34:04,042 - src.core.database - ERROR - database.py:96 - Erreur base de données: (psycopg2.ProgrammingError) can't adapt type 'numpy.int64'
[SQL: SELECT recipes.id AS recipes_id, recipes.name AS recipes_name, recipes.category AS recipes_category, recipes.instructions AS recipes_instructions, recipes.prep_time AS recipes_prep_time, recipes.cook_time AS recipes_cook_time, recipes.servings AS recipes_servings, recipes.difficulty AS recipes_difficulty, recipes.ai_generated AS recipes_ai_generated, recipes.ai_score AS recipes_ai_score, recipes.created_at AS recipes_created_at, recipes.updated_at AS recipes_updated_at 
FROM recipes 
WHERE recipes.id = %(id_1)s 
 LIMIT %(param_1)s]
[parameters: {'id_1': np.int64(4), 'param_1': 1}]
(Background on this error at: https://sqlalche.me/e/20/f405)
2025-11-24 12:34:32,395 - src.core.database - INFO - database.py:120 - Création des tables...
2025-11-24 12:34:32,511 - src.core.database - INFO - database.py:122 - ✅ Tables créées
2025-11-24 12:34:32,922 - src.core.database - INFO - database.py:120 - Création des tables...
2025-11-24 12:34:33,003 - src.core.database - INFO - database.py:122 - ✅ Tables créées
2025-11-24 12:34:44,050 - src.core.database - INFO - database.py:120 - Création des tables...
2025-11-24 12:34:44,208 - src.core.database - INFO - database.py:122 - ✅ Tables créées
2025-11-24 12:36:12,074 - src.core.database - INFO - database.py:120 - Création des tables...
2025-11-24 12:36:12,187 - src.core.database - INFO - database.py:120 - Création des tables...
2025-11-24 12:36:12,250 - src.core.database - INFO - database.py:122 - ✅ Tables créées
2025-11-24 12:36:12,419 - src.core.database - INFO - database.py:122 - ✅ Tables créées
2025-11-24 12:36:12,558 - src.core.database - INFO - database.py:120 - Création des tables...
2025-11-24 12:36:12,648 - src.core.database - INFO - database.py:122 - ✅ Tables créées
2025-11-24 12:37:39,112 - src.core.database - INFO - database.py:120 - Création des tables...
2025-11-24 12:37:39,201 - src.core.database - INFO - database.py:122 - ✅ Tables créées
2025-11-24 12:37:44,808 - src.core.database - INFO - database.py:120 - Création des tables...
2025-11-24 12:37:44,957 - src.core.database - INFO - database.py:122 - ✅ Tables créées
2025-11-24 12:37:45,307 - src.core.database - INFO - database.py:120 - Création des tables...
2025-11-24 12:37:45,373 - src.core.database - INFO - database.py:122 - ✅ Tables créées
2025-11-24 12:37:53,223 - src.core.database - INFO - database.py:120 - Création des tables...
2025-11-24 12:37:53,376 - src.core.database - INFO - database.py:122 - ✅ Tables créées
2025-11-24 12:37:54,915 - src.core.database - INFO - database.py:120 - Création des tables...
2025-11-24 12:37:55,071 - src.core.database - INFO - database.py:122 - ✅ Tables créées
2025-11-24 12:38:01,411 - src.core.database - INFO - database.py:120 - Création des tables...
2025-11-24 12:38:01,552 - src.core.database - INFO - database.py:122 - ✅ Tables créées
2025-11-24 12:38:02,034 - src.core.database - INFO - database.py:120 - Création des tables...
2025-11-24 12:38:02,114 - src.core.database - INFO - database.py:122 - ✅ Tables créées
2025-11-24 12:38:14,208 - src.core.database - INFO - database.py:120 - Création des tables...
2025-11-24 12:38:14,355 - src.core.database - INFO - database.py:122 - ✅ Tables créées
2025-11-24 12:38:14,596 - src.core.database - INFO - database.py:120 - Création des tables...
2025-11-24 12:38:14,656 - src.core.database - INFO - database.py:122 - ✅ Tables créées
2025-11-24 12:38:27,452 - src.core.database - INFO - database.py:120 - Création des tables...
2025-11-24 12:38:27,522 - src.core.database - INFO - database.py:122 - ✅ Tables créées
2025-11-24 12:38:27,662 - src.core.database - INFO - database.py:120 - Création des tables...
2025-11-24 12:38:27,725 - src.core.database - INFO - database.py:122 - ✅ Tables créées
2025-11-24 12:39:58,022 - src.core.database - INFO - database.py:120 - Création des tables...
2025-11-24 12:39:58,023 - src.core.database - INFO - database.py:120 - Création des tables...
2025-11-24 12:39:58,117 - src.core.database - INFO - database.py:122 - ✅ Tables créées
2025-11-24 12:39:58,126 - src.core.database - INFO - database.py:122 - ✅ Tables créées
2025-11-24 12:39:58,321 - src.core.database - INFO - database.py:120 - Création des tables...
2025-11-24 12:39:58,411 - src.core.database - INFO - database.py:122 - ✅ Tables créées
2025-11-24 13:00:47,623 - src.core.database - INFO - database.py:120 - Création des tables...
2025-11-24 13:00:47,862 - src.core.database - INFO - database.py:122 - ✅ Tables créées
2025-11-24 13:01:31,675 - src.core.database - INFO - database.py:120 - Création des tables...
2025-11-24 13:01:31,802 - src.core.database - INFO - database.py:122 - ✅ Tables créées
2025-11-24 13:01:32,010 - src.core.database - INFO - database.py:120 - Création des tables...
2025-11-24 13:01:32,054 - src.core.database - INFO - database.py:122 - ✅ Tables créées
2025-11-26 13:41:35,049 - src.core.database - INFO - database.py:120 - Création des tables...
2025-11-26 13:41:35,216 - src.core.database - INFO - database.py:122 - ✅ Tables créées
2025-11-26 13:41:35,335 - __main__ - INFO - app.py:166 - 🤖 Agent IA initialisé
2025-11-26 13:41:49,397 - src.core.database - INFO - database.py:120 - Création des tables...
2025-11-26 13:41:49,465 - src.core.database - INFO - database.py:122 - ✅ Tables créées
2025-11-26 13:41:49,556 - src.core.database - INFO - database.py:120 - Création des tables...
2025-11-26 13:41:49,623 - src.core.database - INFO - database.py:122 - ✅ Tables créées
2025-11-26 13:51:16,512 - src.core.database - INFO - database.py:120 - Création des tables...
2025-11-26 13:51:16,560 - src.core.database - INFO - database.py:122 - ✅ Tables créées
2025-11-26 13:51:16,623 - __main__ - INFO - app.py:166 - 🤖 Agent IA initialisé
2025-11-26 13:51:28,898 - src.core.database - INFO - database.py:120 - Création des tables...
2025-11-26 13:51:28,957 - src.core.database - INFO - database.py:122 - ✅ Tables créées
2025-11-26 13:51:29,038 - src.core.database - INFO - database.py:120 - Création des tables...
2025-11-26 13:51:29,087 - src.core.database - INFO - database.py:122 - ✅ Tables créées
2025-11-26 13:53:33,445 - src.core.database - INFO - database.py:120 - Création des tables...
2025-11-26 13:53:33,491 - src.core.database - INFO - database.py:122 - ✅ Tables créées
2025-11-26 13:53:33,561 - __main__ - INFO - app.py:166 - 🤖 Agent IA initialisé
2025-11-26 13:53:44,127 - src.core.database - INFO - database.py:120 - Création des tables...
2025-11-26 13:53:44,183 - src.core.database - INFO - database.py:122 - ✅ Tables créées
2025-11-26 13:53:44,259 - src.core.database - INFO - database.py:120 - Création des tables...
2025-11-26 13:53:44,303 - src.core.database - INFO - database.py:122 - ✅ Tables créées
2025-11-26 13:57:15,087 - src.core.database - INFO - database.py:120 - Création des tables...
2025-11-26 13:57:15,129 - src.core.database - INFO - database.py:122 - ✅ Tables créées
2025-11-26 13:57:15,191 - __main__ - INFO - app.py:166 - 🤖 Agent IA initialisé
2025-11-26 13:57:41,239 - src.core.database - INFO - database.py:120 - Création des tables...
2025-11-26 13:57:41,291 - src.core.database - INFO - database.py:122 - ✅ Tables créées
2025-11-26 13:57:41,365 - src.core.database - INFO - database.py:120 - Création des tables...
2025-11-26 13:57:41,414 - src.core.database - INFO - database.py:122 - ✅ Tables créées
2025-11-26 14:00:01,960 - src.core.database - INFO - database.py:120 - Création des tables...
2025-11-26 14:00:02,089 - src.core.database - INFO - database.py:122 - ✅ Tables créées
2025-11-26 14:00:02,154 - __main__ - INFO - app.py:166 - 🤖 Agent IA initialisé
2025-11-26 14:00:15,560 - src.core.database - INFO - database.py:120 - Création des tables...
2025-11-26 14:00:15,618 - src.core.database - INFO - database.py:122 - ✅ Tables créées
2025-11-26 14:00:15,701 - src.core.database - INFO - database.py:120 - Création des tables...
2025-11-26 14:00:15,767 - src.core.database - INFO - database.py:122 - ✅ Tables créées
2025-11-26 14:04:25,205 - src.core.database - INFO - database.py:120 - Création des tables...
2025-11-26 14:04:25,256 - src.core.database - INFO - database.py:122 - ✅ Tables créées
2025-11-26 14:04:25,322 - __main__ - INFO - app.py:166 - 🤖 Agent IA initialisé
2025-11-26 14:04:37,867 - src.core.database - INFO - database.py:120 - Création des tables...
2025-11-26 14:04:37,928 - src.core.database - INFO - database.py:122 - ✅ Tables créées
2025-11-26 14:04:38,002 - src.core.database - INFO - database.py:120 - Création des tables...
2025-11-26 14:04:38,057 - src.core.database - INFO - database.py:122 - ✅ Tables créées
2025-11-26 14:08:06,819 - src.core.database - INFO - database.py:120 - Création des tables...
2025-11-26 14:08:06,866 - src.core.database - INFO - database.py:122 - ✅ Tables créées
2025-11-26 14:08:06,939 - __main__ - INFO - app.py:166 - 🤖 Agent IA initialisé
2025-11-26 14:08:33,415 - src.core.database - INFO - database.py:120 - Création des tables...
2025-11-26 14:08:33,476 - src.core.database - INFO - database.py:122 - ✅ Tables créées
2025-11-26 14:08:33,554 - src.core.database - INFO - database.py:120 - Création des tables...
2025-11-26 14:08:33,600 - src.core.database - INFO - database.py:122 - ✅ Tables créées
2025-11-26 14:10:44,003 - src.core.database - INFO - database.py:120 - Création des tables...
2025-11-26 14:10:44,061 - src.core.database - INFO - database.py:122 - ✅ Tables créées
2025-11-26 14:10:44,147 - src.core.database - INFO - database.py:120 - Création des tables...
2025-11-26 14:10:44,198 - src.core.database - INFO - database.py:122 - ✅ Tables créées
2025-11-26 14:28:56,299 - src.core.database - INFO - database.py:120 - Création des tables...
2025-11-26 14:28:56,345 - src.core.database - INFO - database.py:122 - ✅ Tables créées
2025-11-26 14:28:56,410 - __main__ - INFO - app.py:166 - 🤖 Agent IA initialisé
2025-11-26 14:29:11,129 - src.core.database - INFO - database.py:120 - Création des tables...
2025-11-26 14:29:11,185 - src.core.database - INFO - database.py:122 - ✅ Tables créées
2025-11-26 14:29:11,259 - src.core.database - INFO - database.py:120 - Création des tables...
2025-11-26 14:29:11,312 - src.core.database - INFO - database.py:122 - ✅ Tables créées
2025-11-26 14:30:10,532 - src.core.database - INFO - database.py:120 - Création des tables...
2025-11-26 14:30:10,576 - src.core.database - INFO - database.py:122 - ✅ Tables créées
2025-11-26 14:30:10,634 - __main__ - INFO - app.py:166 - 🤖 Agent IA initialisé
2025-11-26 14:31:13,143 - src.core.database - INFO - database.py:120 - Création des tables...
2025-11-26 14:31:13,200 - src.core.database - INFO - database.py:122 - ✅ Tables créées
2025-11-26 14:31:13,288 - src.core.database - INFO - database.py:120 - Création des tables...
2025-11-26 14:31:13,351 - src.core.database - INFO - database.py:122 - ✅ Tables créées
2025-11-26 14:31:58,772 - src.core.database - INFO - database.py:120 - Création des tables...
2025-11-26 14:31:58,818 - src.core.database - INFO - database.py:122 - ✅ Tables créées
2025-11-26 14:38:03,824 - src.core.database - INFO - database.py:120 - Création des tables...
2025-11-26 14:38:03,877 - src.core.database - INFO - database.py:122 - ✅ Tables créées
2025-11-26 14:38:03,942 - __main__ - INFO - app.py:166 - 🤖 Agent IA initialisé
2025-11-26 14:38:14,736 - src.core.database - INFO - database.py:120 - Création des tables...
2025-11-26 14:38:14,794 - src.core.database - INFO - database.py:122 - ✅ Tables créées
2025-11-26 14:38:14,863 - src.core.database - INFO - database.py:120 - Création des tables...
2025-11-26 14:38:14,926 - src.core.database - INFO - database.py:122 - ✅ Tables créées
2025-11-26 14:41:28,175 - src.core.database - INFO - database.py:120 - Création des tables...
2025-11-26 14:41:28,221 - src.core.database - INFO - database.py:122 - ✅ Tables créées
2025-11-26 14:41:28,287 - __main__ - INFO - app.py:166 - 🤖 Agent IA initialisé
2025-11-26 14:41:28,343 - src.core.database - INFO - database.py:120 - Création des tables...
2025-11-26 14:41:28,403 - src.core.database - INFO - database.py:122 - ✅ Tables créées
2025-11-26 14:42:12,495 - src.core.database - INFO - database.py:120 - Création des tables...
2025-11-26 14:42:12,548 - src.core.database - INFO - database.py:122 - ✅ Tables créées
2025-11-26 14:42:12,613 - __main__ - INFO - app.py:166 - 🤖 Agent IA initialisé
2025-11-26 14:42:24,841 - src.core.database - INFO - database.py:120 - Création des tables...
2025-11-26 14:42:24,900 - src.core.database - INFO - database.py:122 - ✅ Tables créées
2025-11-26 14:42:24,978 - src.core.database - INFO - database.py:120 - Création des tables...
2025-11-26 14:42:25,031 - src.core.database - INFO - database.py:122 - ✅ Tables créées
2025-11-26 14:43:09,713 - src.core.database - INFO - database.py:120 - Création des tables...
2025-11-26 14:43:09,782 - src.core.database - INFO - database.py:122 - ✅ Tables créées
2025-11-26 14:43:33,003 - src.core.database - INFO - database.py:120 - Création des tables...
2025-11-26 14:43:33,058 - src.core.database - INFO - database.py:122 - ✅ Tables créées
2025-11-26 14:43:54,176 - src.core.database - INFO - database.py:120 - Création des tables...
2025-11-26 14:43:54,231 - src.core.database - INFO - database.py:122 - ✅ Tables créées
2025-11-26 14:44:18,978 - src.core.database - INFO - database.py:120 - Création des tables...
2025-11-26 14:44:19,034 - src.core.database - INFO - database.py:122 - ✅ Tables créées
2025-12-03 11:16:54,390 - src.core.database - INFO - database.py:120 - Création des tables...
2025-12-03 11:16:54,581 - src.core.database - INFO - database.py:122 - ✅ Tables créées
2025-12-03 11:16:54,686 - __main__ - INFO - app.py:166 - 🤖 Agent IA initialisé
2025-12-03 11:17:10,143 - src.core.database - INFO - database.py:120 - Création des tables...
2025-12-03 11:17:10,188 - src.core.database - INFO - database.py:122 - ✅ Tables créées
2025-12-03 11:17:10,260 - src.core.database - INFO - database.py:120 - Création des tables...
2025-12-03 11:17:10,310 - src.core.database - INFO - database.py:122 - ✅ Tables créées
2025-12-03 11:19:38,790 - src.core.database - INFO - database.py:120 - Création des tables...
2025-12-03 11:19:38,836 - src.core.database - INFO - database.py:122 - ✅ Tables créées
2025-12-03 11:19:38,897 - __main__ - INFO - app.py:166 - 🤖 Agent IA initialisé
2025-12-03 11:19:53,329 - src.core.database - INFO - database.py:120 - Création des tables...
2025-12-03 11:19:53,374 - src.core.database - INFO - database.py:122 - ✅ Tables créées
2025-12-03 11:19:53,468 - src.core.database - INFO - database.py:120 - Création des tables...
2025-12-03 11:19:53,514 - src.core.database - INFO - database.py:122 - ✅ Tables créées
2025-12-03 12:21:01,855 - src.core.database - INFO - database.py:120 - Création des tables...
2025-12-03 12:21:02,605 - src.core.database - INFO - database.py:122 - ✅ Tables créées
2025-12-03 12:21:02,725 - __main__ - INFO - app.py:166 - 🤖 Agent IA initialisé
2025-12-03 12:21:18,170 - src.core.database - INFO - database.py:120 - Création des tables...
2025-12-03 12:21:18,233 - src.core.database - INFO - database.py:122 - ✅ Tables créées
2025-12-03 12:21:18,287 - src.core.database - INFO - database.py:120 - Création des tables...
2025-12-03 12:21:18,326 - src.core.database - INFO - database.py:122 - ✅ Tables créées
2025-12-03 12:29:37,255 - src.core.database - INFO - database.py:120 - Création des tables...
2025-12-03 12:29:37,406 - src.core.database - INFO - database.py:122 - ✅ Tables créées
2025-12-03 12:29:37,468 - __main__ - INFO - app.py:166 - 🤖 Agent IA initialisé
2025-12-03 12:29:50,435 - src.core.database - INFO - database.py:120 - Création des tables...
2025-12-03 12:29:50,499 - src.core.database - INFO - database.py:122 - ✅ Tables créées
2025-12-03 12:29:50,703 - src.core.database - INFO - database.py:120 - Création des tables...
2025-12-03 12:29:50,770 - src.core.database - INFO - database.py:122 - ✅ Tables créées
2025-12-03 12:31:08,241 - src.core.database - INFO - database.py:120 - Création des tables...
2025-12-03 12:31:08,301 - src.core.database - INFO - database.py:122 - ✅ Tables créées
2025-12-03 12:31:08,365 - __main__ - INFO - app.py:166 - 🤖 Agent IA initialisé
2025-12-03 12:31:21,965 - src.core.database - INFO - database.py:120 - Création des tables...
2025-12-03 12:31:22,037 - src.core.database - INFO - database.py:122 - ✅ Tables créées
2025-12-03 12:31:22,121 - src.core.database - INFO - database.py:120 - Création des tables...
2025-12-03 12:31:22,200 - src.core.database - INFO - database.py:122 - ✅ Tables créées
2025-12-03 12:36:50,811 - src.core.database - INFO - database.py:120 - Création des tables...
2025-12-03 12:36:50,863 - src.core.database - INFO - database.py:122 - ✅ Tables créées
2025-12-03 12:36:50,923 - __main__ - INFO - app.py:166 - 🤖 Agent IA initialisé
2025-12-03 12:37:24,857 - src.core.database - INFO - database.py:120 - Création des tables...
2025-12-03 12:37:24,912 - src.core.database - INFO - database.py:122 - ✅ Tables créées
2025-12-03 12:37:24,977 - src.core.database - INFO - database.py:120 - Création des tables...
2025-12-03 12:37:25,032 - src.core.database - INFO - database.py:122 - ✅ Tables créées
2025-12-03 12:41:51,139 - src.core.database - INFO - database.py:120 - Création des tables...
2025-12-03 12:41:51,188 - src.core.database - INFO - database.py:122 - ✅ Tables créées
2025-12-03 12:41:51,246 - __main__ - INFO - app.py:166 - 🤖 Agent IA initialisé
2025-12-03 12:42:32,524 - src.core.database - INFO - database.py:120 - Création des tables...
2025-12-03 12:42:32,579 - src.core.database - INFO - database.py:122 - ✅ Tables créées
2025-12-03 12:42:32,642 - src.core.database - INFO - database.py:120 - Création des tables...
2025-12-03 12:42:32,697 - src.core.database - INFO - database.py:122 - ✅ Tables créées
2025-12-03 12:43:19,452 - src.core.database - INFO - database.py:120 - Création des tables...
2025-12-03 12:43:19,512 - src.core.database - INFO - database.py:122 - ✅ Tables créées
2025-12-03 12:43:19,576 - __main__ - INFO - app.py:166 - 🤖 Agent IA initialisé
2025-12-03 12:47:05,210 - src.core.database - INFO - database.py:120 - Création des tables...
2025-12-03 12:47:05,261 - src.core.database - INFO - database.py:122 - ✅ Tables créées
2025-12-03 12:47:05,463 - __main__ - INFO - app.py:166 - 🤖 Agent IA initialisé
2025-12-03 12:47:18,691 - src.core.database - INFO - database.py:120 - Création des tables...
2025-12-03 12:47:18,755 - src.core.database - INFO - database.py:122 - ✅ Tables créées
2025-12-03 12:47:18,829 - src.core.database - INFO - database.py:120 - Création des tables...
2025-12-03 12:47:18,884 - src.core.database - INFO - database.py:122 - ✅ Tables créées
2025-12-03 12:47:59,681 - src.core.database - INFO - database.py:120 - Création des tables...
2025-12-03 12:47:59,745 - src.core.database - INFO - database.py:122 - ✅ Tables créées
2025-12-03 12:47:59,821 - __main__ - INFO - app.py:166 - 🤖 Agent IA initialisé
2025-12-03 12:47:59,878 - src.core.database - INFO - database.py:120 - Création des tables...
2025-12-03 12:47:59,943 - src.core.database - INFO - database.py:122 - ✅ Tables créées
2025-12-03 12:48:04,099 - src.core.database - INFO - database.py:120 - Création des tables...
2025-12-03 12:48:04,158 - src.core.database - INFO - database.py:122 - ✅ Tables créées
2025-12-03 12:48:04,233 - src.core.database - INFO - database.py:120 - Création des tables...
2025-12-03 12:48:04,290 - src.core.database - INFO - database.py:122 - ✅ Tables créées
2025-12-03 12:48:05,541 - src.core.database - INFO - database.py:120 - Création des tables...
2025-12-03 12:48:05,697 - src.core.database - INFO - database.py:122 - ✅ Tables créées
2025-12-03 12:48:05,763 - src.core.database - INFO - database.py:120 - Création des tables...
2025-12-03 12:48:05,820 - src.core.database - INFO - database.py:122 - ✅ Tables créées
2025-12-03 12:52:10,641 - src.core.database - INFO - database.py:120 - Création des tables...
2025-12-03 12:52:10,699 - src.core.database - INFO - database.py:122 - ✅ Tables créées
2025-12-03 12:52:10,761 - __main__ - INFO - app.py:166 - 🤖 Agent IA initialisé
2025-12-03 12:52:26,613 - src.core.database - INFO - database.py:120 - Création des tables...
2025-12-03 12:52:26,674 - src.core.database - INFO - database.py:122 - ✅ Tables créées
2025-12-03 12:52:26,756 - src.core.database - INFO - database.py:120 - Création des tables...
2025-12-03 12:52:26,808 - src.core.database - INFO - database.py:122 - ✅ Tables créées
2025-12-03 12:58:38,966 - src.core.database - INFO - database.py:120 - Création des tables...
2025-12-03 12:58:39,014 - src.core.database - INFO - database.py:122 - ✅ Tables créées
2025-12-03 12:58:39,070 - __main__ - INFO - app.py:166 - 🤖 Agent IA initialisé
2025-12-03 12:58:50,904 - src.core.database - INFO - database.py:120 - Création des tables...
2025-12-03 12:58:50,967 - src.core.database - INFO - database.py:122 - ✅ Tables créées
2025-12-03 12:58:51,031 - src.core.database - INFO - database.py:120 - Création des tables...
2025-12-03 12:58:51,104 - src.core.database - INFO - database.py:122 - ✅ Tables créées
2025-12-03 12:59:24,704 - src.core.database - INFO - database.py:120 - Création des tables...
2025-12-03 12:59:24,770 - src.core.database - INFO - database.py:122 - ✅ Tables créées
2025-12-03 13:02:36,105 - src.core.database - INFO - database.py:120 - Création des tables...
2025-12-03 13:02:36,156 - src.core.database - INFO - database.py:122 - ✅ Tables créées
2025-12-03 13:02:36,232 - __main__ - INFO - app.py:166 - 🤖 Agent IA initialisé
2025-12-03 13:03:38,666 - src.core.database - INFO - database.py:120 - Création des tables...
2025-12-03 13:03:38,726 - src.core.database - INFO - database.py:122 - ✅ Tables créées
2025-12-03 13:03:38,806 - src.core.database - INFO - database.py:120 - Création des tables...
2025-12-03 13:03:38,863 - src.core.database - INFO - database.py:122 - ✅ Tables créées
2025-12-03 13:03:57,640 - src.core.database - INFO - database.py:120 - Création des tables...
2025-12-03 13:03:57,709 - src.core.database - INFO - database.py:122 - ✅ Tables créées
2025-12-03 13:04:18,287 - src.core.database - INFO - database.py:120 - Création des tables...
2025-12-03 13:04:18,352 - src.core.database - INFO - database.py:122 - ✅ Tables créées
2025-12-03 13:04:22,812 - src.core.database - INFO - database.py:120 - Création des tables...
2025-12-03 13:04:22,870 - src.core.database - INFO - database.py:122 - ✅ Tables créées
2025-12-03 13:04:23,914 - src.core.database - INFO - database.py:120 - Création des tables...
2025-12-03 13:04:23,978 - src.core.database - INFO - database.py:122 - ✅ Tables créées
2025-12-03 13:06:15,644 - src.core.database - INFO - database.py:120 - Création des tables...
2025-12-03 13:06:15,693 - src.core.database - INFO - database.py:122 - ✅ Tables créées
2025-12-03 13:06:15,755 - __main__ - INFO - app.py:166 - 🤖 Agent IA initialisé
2025-12-03 13:06:30,852 - src.core.database - INFO - database.py:120 - Création des tables...
2025-12-03 13:06:30,897 - src.core.database - INFO - database.py:122 - ✅ Tables créées
2025-12-03 13:06:30,985 - src.core.database - INFO - database.py:120 - Création des tables...
2025-12-03 13:06:31,041 - src.core.database - INFO - database.py:122 - ✅ Tables créées
2025-12-03 13:06:48,395 - src.core.database - INFO - database.py:120 - Création des tables...
2025-12-03 13:06:48,454 - src.core.database - INFO - database.py:122 - ✅ Tables créées
2025-12-03 13:07:07,231 - src.core.database - INFO - database.py:120 - Création des tables...
2025-12-03 13:07:07,291 - src.core.database - INFO - database.py:122 - ✅ Tables créées
2025-12-03 13:07:09,774 - src.core.database - INFO - database.py:120 - Création des tables...
2025-12-03 13:07:09,833 - src.core.database - INFO - database.py:122 - ✅ Tables créées
2025-12-03 13:11:07,520 - src.core.database - INFO - database.py:120 - Création des tables...
2025-12-03 13:11:07,583 - src.core.database - INFO - database.py:122 - ✅ Tables créées
2025-12-03 13:11:07,645 - __main__ - INFO - app.py:166 - 🤖 Agent IA initialisé
2025-12-03 13:11:21,781 - src.core.database - INFO - database.py:120 - Création des tables...
2025-12-03 13:11:21,842 - src.core.database - INFO - database.py:122 - ✅ Tables créées
2025-12-03 13:11:21,913 - src.core.database - INFO - database.py:120 - Création des tables...
2025-12-03 13:11:21,975 - src.core.database - INFO - database.py:122 - ✅ Tables créées
2025-12-03 13:11:40,209 - src.core.database - INFO - database.py:120 - Création des tables...
2025-12-03 13:11:40,271 - src.core.database - INFO - database.py:122 - ✅ Tables créées
2025-12-03 13:11:59,165 - src.core.database - INFO - database.py:120 - Création des tables...
2025-12-03 13:11:59,217 - src.core.database - INFO - database.py:122 - ✅ Tables créées
2025-12-03 13:12:01,220 - src.core.database - INFO - database.py:120 - Création des tables...
2025-12-03 13:12:01,283 - src.core.database - INFO - database.py:122 - ✅ Tables créées
2025-12-03 13:16:28,215 - src.core.database - INFO - database.py:120 - Création des tables...
2025-12-03 13:16:28,259 - src.core.database - INFO - database.py:122 - ✅ Tables créées
2025-12-03 13:16:28,322 - __main__ - INFO - app.py:166 - 🤖 Agent IA initialisé
2025-12-03 13:17:09,672 - src.core.database - INFO - database.py:120 - Création des tables...
2025-12-03 13:17:09,732 - src.core.database - INFO - database.py:122 - ✅ Tables créées
2025-12-03 13:17:09,803 - src.core.database - INFO - database.py:120 - Création des tables...
2025-12-03 13:17:09,859 - src.core.database - INFO - database.py:122 - ✅ Tables créées
2025-12-03 13:18:05,055 - src.core.database - INFO - database.py:120 - Création des tables...
2025-12-03 13:18:05,123 - src.core.database - INFO - database.py:122 - ✅ Tables créées
2025-12-03 13:18:05,631 - src.core.database - INFO - database.py:120 - Création des tables...
2025-12-03 13:18:05,703 - src.core.database - INFO - database.py:122 - ✅ Tables créées
2025-12-03 22:09:47,897 - src.core.database - ERROR - database.py:95 - Erreur base de données: (psycopg2.OperationalError) connection to server at "db.haieczwixbkeuwcgdzvn.supabase.co" (2a05:d014:1c06:5f27:cc32:d2f4:489c:851a), port 5432 failed: Network is unreachable
	Is the server running on that host and accepting TCP/IP connections?

(Background on this error at: https://sqlalche.me/e/20/e3q8)
2025-12-03 22:09:47,908 - src.core.database - ERROR - database.py:120 - ❌ Connexion DB échouée: (psycopg2.OperationalError) connection to server at "db.haieczwixbkeuwcgdzvn.supabase.co" (2a05:d014:1c06:5f27:cc32:d2f4:489c:851a), port 5432 failed: Network is unreachable
	Is the server running on that host and accepting TCP/IP connections?

(Background on this error at: https://sqlalche.me/e/20/e3q8)
2025-12-03 22:18:26,628 - src.core.database - ERROR - database.py:80 - ❌ Échec de la connexion à la base de données: name 'settings' is not defined
